mode: set
EjercicioIntegradorGo\categories\cache\refresh.go:9.20,10.15 1 1
EjercicioIntegradorGo\categories\cache\refresh.go:17.2,19.6 3 1
EjercicioIntegradorGo\categories\cache\refresh.go:10.15,11.35 1 0
EjercicioIntegradorGo\categories\cache\refresh.go:11.35,14.4 2 0
EjercicioIntegradorGo\categories\cache\refresh.go:19.6,22.38 3 1
EjercicioIntegradorGo\categories\cache\refresh.go:22.38,24.4 1 0
EjercicioIntegradorGo\categories\cache\refresh.go:28.42,30.30 2 1
EjercicioIntegradorGo\categories\cache\refresh.go:40.2,40.12 1 1
EjercicioIntegradorGo\categories\cache\refresh.go:30.30,31.94 1 1
EjercicioIntegradorGo\categories\cache\refresh.go:31.94,33.4 1 1
EjercicioIntegradorGo\categories\cache\refresh.go:33.4,34.43 1 1
EjercicioIntegradorGo\categories\cache\refresh.go:34.43,37.5 2 0
EjercicioIntegradorGo\library\httpClient.go:11.65,12.51 1 1
EjercicioIntegradorGo\library\httpClient.go:15.2,16.16 2 1
EjercicioIntegradorGo\library\httpClient.go:21.2,24.16 3 1
EjercicioIntegradorGo\library\httpClient.go:29.2,30.16 2 1
EjercicioIntegradorGo\library\httpClient.go:33.2,34.13 2 1
EjercicioIntegradorGo\library\httpClient.go:12.51,14.3 1 0
EjercicioIntegradorGo\library\httpClient.go:16.16,19.3 2 0
EjercicioIntegradorGo\library\httpClient.go:24.16,27.3 2 0
EjercicioIntegradorGo\library\httpClient.go:30.16,32.3 1 1
EjercicioIntegradorGo\main.go:11.13,19.2 6 1
EjercicioIntegradorGo\main.go:22.27,25.2 2 1
EjercicioIntegradorGo\main.go:28.30,31.2 2 1
EjercicioIntegradorGo\main.go:33.31,37.13 4 1
EjercicioIntegradorGo\main.go:37.13,39.3 1 1
EjercicioIntegradorGo\main.go:39.3,39.51 1 1
EjercicioIntegradorGo\main.go:39.51,41.3 1 1
EjercicioIntegradorGo\main.go:41.3,43.3 1 1
EjercicioIntegradorGo\main.go:45.59,47.2 1 1
EjercicioIntegradorGo\categories\cache\cacheCategories.go:20.62,22.2 1 1
EjercicioIntegradorGo\categories\cache\cacheCategories.go:24.65,26.2 1 1
EjercicioIntegradorGo\categories\cache\cacheCategories.go:28.80,30.11 2 1
EjercicioIntegradorGo\categories\cache\cacheCategories.go:30.11,33.3 2 1
EjercicioIntegradorGo\categories\cache\cacheCategories.go:33.3,34.45 1 1
EjercicioIntegradorGo\categories\cache\cacheCategories.go:34.45,38.14 4 1
EjercicioIntegradorGo\categories\cache\cacheCategories.go:38.14,42.5 3 1
EjercicioIntegradorGo\categories\cache\cacheCategories.go:42.5,44.5 1 0
EjercicioIntegradorGo\categories\cache\cacheCategories.go:45.4,47.4 1 1
EjercicioIntegradorGo\categories\cache\cacheCategories.go:51.73,53.2 1 1
EjercicioIntegradorGo\categories\cache\cacheCategories.go:55.53,57.11 2 1
EjercicioIntegradorGo\categories\cache\cacheCategories.go:60.2,60.14 1 1
EjercicioIntegradorGo\categories\cache\cacheCategories.go:57.11,59.3 1 1
EjercicioIntegradorGo\categories\cache\cacheCategories.go:65.20,68.2 2 1
EjercicioIntegradorGo\categories\cache\cacheCategories.go:70.42,71.42 1 1
EjercicioIntegradorGo\categories\cache\cacheCategories.go:74.2,76.22 3 1
EjercicioIntegradorGo\categories\cache\cacheCategories.go:82.2,82.14 1 1
EjercicioIntegradorGo\categories\cache\cacheCategories.go:71.42,73.3 1 1
EjercicioIntegradorGo\categories\cache\cacheCategories.go:76.22,81.3 4 1
EjercicioIntegradorGo\categories\cache\cacheCategories.go:85.41,88.75 3 1
EjercicioIntegradorGo\categories\cache\cacheCategories.go:91.2,91.12 1 1
EjercicioIntegradorGo\categories\cache\cacheCategories.go:88.75,90.3 1 1
EjercicioIntegradorGo\categories\category.go:28.38,29.43 1 1
EjercicioIntegradorGo\categories\category.go:29.43,31.3 1 1
EjercicioIntegradorGo\categories\category.go:31.3,33.3 1 1
EjercicioIntegradorGo\categories\category.go:36.47,38.44 1 1
EjercicioIntegradorGo\categories\category.go:42.2,45.24 3 1
EjercicioIntegradorGo\categories\category.go:53.2,53.22 1 1
EjercicioIntegradorGo\categories\category.go:38.44,40.3 1 1
EjercicioIntegradorGo\categories\category.go:45.24,46.41 1 1
EjercicioIntegradorGo\categories\category.go:46.41,48.4 1 1
EjercicioIntegradorGo\categories\category.go:48.4,50.4 1 1
EjercicioIntegradorGo\categories\category.go:56.47,59.78 2 1
EjercicioIntegradorGo\categories\category.go:64.2,64.8 1 1
EjercicioIntegradorGo\categories\category.go:59.78,61.3 1 1
EjercicioIntegradorGo\categories\category.go:61.3,61.89 1 1
EjercicioIntegradorGo\categories\category.go:61.89,63.3 1 1
EjercicioIntegradorGo\categories\items.go:29.77,30.138 1 1
EjercicioIntegradorGo\categories\items.go:39.2,41.99 2 1
EjercicioIntegradorGo\categories\items.go:30.138,34.22 3 1
EjercicioIntegradorGo\categories\items.go:37.3,37.9 1 1
EjercicioIntegradorGo\categories\items.go:34.22,36.4 1 1
EjercicioIntegradorGo\categories\items.go:43.77,44.149 1 1
EjercicioIntegradorGo\categories\items.go:47.2,49.14 3 1
EjercicioIntegradorGo\categories\items.go:50.2,51.13 2 1
EjercicioIntegradorGo\categories\items.go:53.2,53.140 1 1
EjercicioIntegradorGo\categories\items.go:58.2,62.21 5 1
EjercicioIntegradorGo\categories\items.go:44.149,46.3 1 1
EjercicioIntegradorGo\categories\items.go:49.14,49.31 1 0
EjercicioIntegradorGo\categories\items.go:51.13,51.30 1 0
EjercicioIntegradorGo\categories\items.go:53.140,57.3 3 1
EjercicioIntegradorGo\categories\items.go:64.152,69.16 5 1
EjercicioIntegradorGo\categories\items.go:70.2,70.27 1 1
EjercicioIntegradorGo\categories\items.go:73.2,75.17 3 1
EjercicioIntegradorGo\categories\items.go:78.2,80.46 3 1
EjercicioIntegradorGo\categories\items.go:83.2,83.19 1 1
EjercicioIntegradorGo\categories\items.go:69.16,69.35 1 0
EjercicioIntegradorGo\categories\items.go:70.27,72.3 1 1
EjercicioIntegradorGo\categories\items.go:75.17,77.3 1 1
EjercicioIntegradorGo\categories\items.go:80.46,82.3 1 1
EjercicioIntegradorGo\categories\items.go:86.39,90.2 3 1
EjercicioIntegradorGo\categories\patialItems.go:5.45,7.27 1 1
EjercicioIntegradorGo\categories\patialItems.go:19.2,20.12 2 1
EjercicioIntegradorGo\categories\patialItems.go:7.27,8.35 1 1
EjercicioIntegradorGo\categories\patialItems.go:8.35,9.51 1 1
EjercicioIntegradorGo\categories\patialItems.go:9.51,10.52 1 1
EjercicioIntegradorGo\categories\patialItems.go:10.52,13.6 2 1
EjercicioIntegradorGo\categories\patialItems.go:14.5,16.5 1 0
EjercicioIntegradorGo\categories\patialItems.go:23.62,24.31 1 1
EjercicioIntegradorGo\categories\patialItems.go:29.2,29.16 1 1
EjercicioIntegradorGo\categories\patialItems.go:24.31,26.3 1 1
EjercicioIntegradorGo\categories\patialItems.go:26.3,26.39 1 1
EjercicioIntegradorGo\categories\patialItems.go:26.39,28.3 1 1
EjercicioIntegradorGo\categories\patialItems.go:29.16,32.3 2 1
EjercicioIntegradorGo\config\config.go:25.13,27.34 2 1
EjercicioIntegradorGo\config\config.go:27.34,29.3 1 0
EjercicioIntegradorGo\config\config.go:31.30,33.2 1 1
EjercicioIntegradorGo\config\config.go:35.25,45.3 2 1
EjercicioIntegradorGo\categories\allItems.go:9.45,12.26 3 1
EjercicioIntegradorGo\categories\allItems.go:17.2,18.16 2 1
EjercicioIntegradorGo\categories\allItems.go:21.2,24.31 4 1
EjercicioIntegradorGo\categories\allItems.go:12.26,14.3 1 1
EjercicioIntegradorGo\categories\allItems.go:14.3,16.3 1 1
EjercicioIntegradorGo\categories\allItems.go:18.16,20.3 1 1
EjercicioIntegradorGo\categories\allItems.go:27.45,30.32 3 1
EjercicioIntegradorGo\categories\allItems.go:43.2,43.16 1 1
EjercicioIntegradorGo\categories\allItems.go:48.2,48.12 1 1
EjercicioIntegradorGo\categories\allItems.go:30.32,32.30 2 1
EjercicioIntegradorGo\categories\allItems.go:32.30,33.32 1 1
EjercicioIntegradorGo\categories\allItems.go:38.4,39.40 2 1
EjercicioIntegradorGo\categories\allItems.go:33.32,35.5 1 1
EjercicioIntegradorGo\categories\allItems.go:35.5,35.38 1 1
EjercicioIntegradorGo\categories\allItems.go:35.38,37.5 1 1
EjercicioIntegradorGo\categories\allItems.go:43.16,45.3 1 1
EjercicioIntegradorGo\categories\allItems.go:45.3,47.3 1 0
