mode: set
EjercicioIntegradorGo\categories\cache\cacheCategories.go:19.62,21.2 1 1
EjercicioIntegradorGo\categories\cache\cacheCategories.go:23.65,25.2 1 0
EjercicioIntegradorGo\categories\cache\cacheCategories.go:27.80,29.11 2 1
EjercicioIntegradorGo\categories\cache\cacheCategories.go:29.11,32.3 2 1
EjercicioIntegradorGo\categories\cache\cacheCategories.go:32.3,33.45 1 1
EjercicioIntegradorGo\categories\cache\cacheCategories.go:33.45,37.14 4 1
EjercicioIntegradorGo\categories\cache\cacheCategories.go:37.14,41.5 3 1
EjercicioIntegradorGo\categories\cache\cacheCategories.go:41.5,43.5 1 0
EjercicioIntegradorGo\categories\cache\cacheCategories.go:44.4,46.4 1 1
EjercicioIntegradorGo\categories\cache\cacheCategories.go:50.73,52.2 1 1
EjercicioIntegradorGo\categories\cache\cacheCategories.go:54.53,56.11 2 0
EjercicioIntegradorGo\categories\cache\cacheCategories.go:59.2,59.14 1 0
EjercicioIntegradorGo\categories\cache\cacheCategories.go:56.11,58.3 1 0
EjercicioIntegradorGo\categories\cache\cacheCategories.go:64.20,67.2 2 0
EjercicioIntegradorGo\categories\cache\cacheCategories.go:69.42,70.42 1 1
EjercicioIntegradorGo\categories\cache\cacheCategories.go:73.2,75.22 3 1
EjercicioIntegradorGo\categories\cache\cacheCategories.go:81.2,81.14 1 1
EjercicioIntegradorGo\categories\cache\cacheCategories.go:70.42,72.3 1 1
EjercicioIntegradorGo\categories\cache\cacheCategories.go:75.22,80.3 4 1
EjercicioIntegradorGo\categories\cache\cacheCategories.go:84.41,87.75 3 1
EjercicioIntegradorGo\categories\cache\cacheCategories.go:90.2,90.12 1 1
EjercicioIntegradorGo\categories\cache\cacheCategories.go:87.75,89.3 1 1
EjercicioIntegradorGo\categories\cache\refresh.go:9.20,10.15 1 1
EjercicioIntegradorGo\categories\cache\refresh.go:17.2,19.6 3 1
EjercicioIntegradorGo\categories\cache\refresh.go:10.15,11.35 1 0
EjercicioIntegradorGo\categories\cache\refresh.go:11.35,14.4 2 0
EjercicioIntegradorGo\categories\cache\refresh.go:19.6,22.38 3 1
EjercicioIntegradorGo\categories\cache\refresh.go:22.38,24.4 1 0
EjercicioIntegradorGo\categories\cache\refresh.go:28.42,30.30 2 1
EjercicioIntegradorGo\categories\cache\refresh.go:40.2,40.12 1 1
EjercicioIntegradorGo\categories\cache\refresh.go:30.30,31.94 1 1
EjercicioIntegradorGo\categories\cache\refresh.go:31.94,33.4 1 0
EjercicioIntegradorGo\categories\cache\refresh.go:33.4,34.43 1 1
EjercicioIntegradorGo\categories\cache\refresh.go:34.43,37.5 2 0
EjercicioIntegradorGo\main.go:10.13,18.2 5 1
EjercicioIntegradorGo\main.go:21.27,24.2 2 1
EjercicioIntegradorGo\main.go:27.30,30.2 2 1
EjercicioIntegradorGo\main.go:32.31,36.13 4 1
EjercicioIntegradorGo\main.go:36.13,38.3 1 1
EjercicioIntegradorGo\main.go:38.3,38.51 1 1
EjercicioIntegradorGo\main.go:38.51,40.3 1 0
EjercicioIntegradorGo\main.go:40.3,42.3 1 1
EjercicioIntegradorGo\main.go:44.59,46.2 1 1
EjercicioIntegradorGo\categories\items.go:29.77,30.138 1 1
EjercicioIntegradorGo\categories\items.go:39.2,41.99 2 1
EjercicioIntegradorGo\categories\items.go:30.138,34.22 3 1
EjercicioIntegradorGo\categories\items.go:37.3,37.9 1 1
EjercicioIntegradorGo\categories\items.go:34.22,36.4 1 1
EjercicioIntegradorGo\categories\items.go:43.77,44.149 1 1
EjercicioIntegradorGo\categories\items.go:47.2,49.14 3 1
EjercicioIntegradorGo\categories\items.go:50.2,51.13 2 1
EjercicioIntegradorGo\categories\items.go:53.2,53.140 1 1
EjercicioIntegradorGo\categories\items.go:58.2,62.21 5 1
EjercicioIntegradorGo\categories\items.go:44.149,46.3 1 1
EjercicioIntegradorGo\categories\items.go:49.14,49.31 1 0
EjercicioIntegradorGo\categories\items.go:51.13,51.30 1 0
EjercicioIntegradorGo\categories\items.go:53.140,57.3 3 1
EjercicioIntegradorGo\categories\items.go:64.152,69.16 5 1
EjercicioIntegradorGo\categories\items.go:70.2,70.27 1 1
EjercicioIntegradorGo\categories\items.go:71.2,73.17 3 1
EjercicioIntegradorGo\categories\items.go:76.2,78.46 3 1
EjercicioIntegradorGo\categories\items.go:81.2,81.19 1 1
EjercicioIntegradorGo\categories\items.go:69.16,69.35 1 0
EjercicioIntegradorGo\categories\items.go:70.27,70.88 1 0
EjercicioIntegradorGo\categories\items.go:73.17,75.3 1 1
EjercicioIntegradorGo\categories\items.go:78.46,80.3 1 1
EjercicioIntegradorGo\categories\items.go:84.39,88.2 3 0
EjercicioIntegradorGo\categories\patialItems.go:5.45,7.27 1 0
EjercicioIntegradorGo\categories\patialItems.go:19.2,20.12 2 0
EjercicioIntegradorGo\categories\patialItems.go:7.27,8.35 1 0
EjercicioIntegradorGo\categories\patialItems.go:8.35,9.51 1 0
EjercicioIntegradorGo\categories\patialItems.go:9.51,10.52 1 0
EjercicioIntegradorGo\categories\patialItems.go:10.52,13.6 2 0
EjercicioIntegradorGo\categories\patialItems.go:14.5,16.5 1 0
EjercicioIntegradorGo\categories\patialItems.go:23.62,24.31 1 0
EjercicioIntegradorGo\categories\patialItems.go:29.2,29.16 1 0
EjercicioIntegradorGo\categories\patialItems.go:24.31,26.3 1 0
EjercicioIntegradorGo\categories\patialItems.go:26.3,26.36 1 0
EjercicioIntegradorGo\categories\patialItems.go:26.36,28.3 1 0
EjercicioIntegradorGo\categories\patialItems.go:29.16,32.3 2 0
EjercicioIntegradorGo\config\config.go:22.13,24.34 2 1
EjercicioIntegradorGo\config\config.go:24.34,26.3 1 0
EjercicioIntegradorGo\config\config.go:28.30,30.2 1 1
EjercicioIntegradorGo\config\config.go:32.25,40.3 2 1
EjercicioIntegradorGo\library\httpClient.go:9.65,12.16 3 1
EjercicioIntegradorGo\library\httpClient.go:17.2,20.16 3 1
EjercicioIntegradorGo\library\httpClient.go:25.2,26.16 2 1
EjercicioIntegradorGo\library\httpClient.go:29.2,30.13 2 1
EjercicioIntegradorGo\library\httpClient.go:12.16,15.3 2 0
EjercicioIntegradorGo\library\httpClient.go:20.16,23.3 2 0
EjercicioIntegradorGo\library\httpClient.go:26.16,28.3 1 1
EjercicioIntegradorGo\categories\allItems.go:9.45,12.26 3 1
EjercicioIntegradorGo\categories\allItems.go:17.2,18.16 2 1
EjercicioIntegradorGo\categories\allItems.go:21.2,23.31 3 1
EjercicioIntegradorGo\categories\allItems.go:12.26,14.3 1 1
EjercicioIntegradorGo\categories\allItems.go:14.3,16.3 1 1
EjercicioIntegradorGo\categories\allItems.go:18.16,20.3 1 0
EjercicioIntegradorGo\categories\allItems.go:26.45,29.32 3 1
EjercicioIntegradorGo\categories\allItems.go:42.2,42.16 1 1
EjercicioIntegradorGo\categories\allItems.go:47.2,47.12 1 1
EjercicioIntegradorGo\categories\allItems.go:29.32,31.30 2 1
EjercicioIntegradorGo\categories\allItems.go:31.30,32.32 1 1
EjercicioIntegradorGo\categories\allItems.go:37.4,38.40 2 1
EjercicioIntegradorGo\categories\allItems.go:32.32,34.5 1 0
EjercicioIntegradorGo\categories\allItems.go:34.5,34.38 1 1
EjercicioIntegradorGo\categories\allItems.go:34.38,36.5 1 1
EjercicioIntegradorGo\categories\allItems.go:42.16,44.3 1 1
EjercicioIntegradorGo\categories\allItems.go:44.3,46.3 1 0
EjercicioIntegradorGo\categories\category.go:28.38,29.43 1 1
EjercicioIntegradorGo\categories\category.go:29.43,31.3 1 1
EjercicioIntegradorGo\categories\category.go:31.3,33.3 1 0
EjercicioIntegradorGo\categories\category.go:36.47,38.44 1 1
EjercicioIntegradorGo\categories\category.go:42.2,45.24 3 1
EjercicioIntegradorGo\categories\category.go:53.2,53.22 1 1
EjercicioIntegradorGo\categories\category.go:38.44,40.3 1 1
EjercicioIntegradorGo\categories\category.go:45.24,46.41 1 1
EjercicioIntegradorGo\categories\category.go:46.41,48.4 1 1
EjercicioIntegradorGo\categories\category.go:48.4,50.4 1 0
EjercicioIntegradorGo\categories\category.go:56.47,59.78 2 1
EjercicioIntegradorGo\categories\category.go:64.2,64.8 1 1
EjercicioIntegradorGo\categories\category.go:59.78,61.3 1 0
EjercicioIntegradorGo\categories\category.go:61.3,61.89 1 1
EjercicioIntegradorGo\categories\category.go:61.89,63.3 1 0
